<?xml version="1.0" encoding="utf-8"?><testsuites name="pytest tests"><testsuite name="pytest" errors="0" failures="1" skipped="0" tests="15" time="7.830" timestamp="2026-02-15T13:30:44.149349+00:00" hostname="agent-env-b69c94b7-bd33-4a8a-aefb-85d01e8d5522"><testcase classname="backend.tests.test_api.TestHealthCheck" name="test_root_endpoint_returns_200" time="0.351" /><testcase classname="backend.tests.test_api.TestStatusAPI" name="test_create_status_check" time="0.265" /><testcase classname="backend.tests.test_api.TestStatusAPI" name="test_get_status_checks" time="0.371" /><testcase classname="backend.tests.test_api.TestCheckoutAPI" name="test_create_checkout_session_single_item" time="1.001" /><testcase classname="backend.tests.test_api.TestCheckoutAPI" name="test_create_checkout_session_multiple_items" time="0.558" /><testcase classname="backend.tests.test_api.TestCheckoutAPI" name="test_create_checkout_session_missing_fields" time="0.163" /><testcase classname="backend.tests.test_api.TestCheckoutAPI" name="test_create_checkout_session_empty_items" time="0.167" /><testcase classname="backend.tests.test_api.TestCheckoutAPI" name="test_get_checkout_status_invalid_session" time="0.326"><failure message="AssertionError: Expected error status for invalid session, got 520&#10;assert 520 in [400, 404, 500]&#10; +  where 520 = &lt;Response [520]&gt;.status_code">backend/tests/test_api.py:143: in test_get_checkout_status_invalid_session
    assert response.status_code in [400, 404, 500], f"Expected error status for invalid session, got {response.status_code}"
E   AssertionError: Expected error status for invalid session, got 520
E   assert 520 in [400, 404, 500]
E    +  where 520 = &lt;Response [520]&gt;.status_code</failure></testcase><testcase classname="backend.tests.test_api.TestCheckoutAPI" name="test_get_checkout_status_valid_session" time="0.896" /><testcase classname="backend.tests.test_api.TestCheckoutDifferentSizes" name="test_checkout_with_size[XS]" time="0.651" /><testcase classname="backend.tests.test_api.TestCheckoutDifferentSizes" name="test_checkout_with_size[S]" time="0.524" /><testcase classname="backend.tests.test_api.TestCheckoutDifferentSizes" name="test_checkout_with_size[M]" time="0.573" /><testcase classname="backend.tests.test_api.TestCheckoutDifferentSizes" name="test_checkout_with_size[L]" time="0.564" /><testcase classname="backend.tests.test_api.TestCheckoutDifferentSizes" name="test_checkout_with_size[XL]" time="0.529" /><testcase classname="backend.tests.test_api.TestCheckoutDifferentSizes" name="test_checkout_with_size[XXL]" time="0.516" /></testsuite></testsuites>